<?xml version="1.0" ?>
<testsuite errors="0" failures="0" name="TestAddServerAssignCustomerFirefox-20160308160533" tests="1" time="421.492">
	<testcase classname="TestAddServerAssignCustomerFirefox" name="test_enable_disable_timemarkpolicy_firefox" time="421.492"/>
	<system-out>
<![CDATA[]]>	</system-out>
	<system-err>
<![CDATA[]]>	</system-err>
</testsuite>
