<?xml version="1.0" ?>
<testsuite errors="1" failures="0" name="TestAddServerAssignCustomerFirefox-20160308153713" tests="1" time="126.521">
	<testcase classname="TestAddServerAssignCustomerFirefox" name="test_enable_disable_timemarkpolicy_firefox" time="126.521">
		<error message="Message: Element is not currently visible and so may not be interacted with
Build info: version: '2.48.2', revision: '41bccdd', time: '2015-10-09 19:59:12'
System info: host: '97f27eaef733', ip: '172.17.0.4', os.name: 'Linux', os.arch: 'amd64', os.version: '3.8.13-118.el7uek.x86_64', java.version: '1.8.0_45-internal'
Driver info: driver.version: unknown
Screenshot: available via screen
Stacktrace:
    at &lt;anonymous class&gt;.fxdriver.preconditions.visible (file:///tmp/anonymous6745150834959770655webdriver-profile/extensions/fxdriver@googlecode.com/components/command-processor.js:9981)
    at &lt;anonymous class&gt;.DelayedCommand.prototype.checkPreconditions_ (file:///tmp/anonymous6745150834959770655webdriver-profile/extensions/fxdriver@googlecode.com/components/command-processor.js:12517)
    at &lt;anonymous class&gt;.DelayedCommand.prototype.executeInternal_/h (file:///tmp/anonymous6745150834959770655webdriver-profile/extensions/fxdriver@googlecode.com/components/command-processor.js:12534)
    at &lt;anonymous class&gt;.fxdriver.Timer.prototype.setTimeout/&lt;.notify (file:///tmp/anonymous6745150834959770655webdriver-profile/extensions/fxdriver@googlecode.com/components/command-processor.js:621)" type="ElementNotVisibleException">
<![CDATA[Traceback (most recent call last):
  File "test_enable_disable_timemarkpolicy_firefox.py", line 137, in test_enable_disable_timemarkpolicy_firefox
    driver.find_element_by_xpath("(//button[@type='button'])[16]").click()
  File "/usr/lib/python2.7/site-packages/selenium/webdriver/remote/webelement.py", line 75, in click
    self._execute(Command.CLICK_ELEMENT)
  File "/usr/lib/python2.7/site-packages/selenium/webdriver/remote/webelement.py", line 454, in _execute
    return self._parent.execute(command, params)
  File "/usr/lib/python2.7/site-packages/selenium/webdriver/remote/webdriver.py", line 201, in execute
    self.error_handler.check_response(response)
  File "/usr/lib/python2.7/site-packages/selenium/webdriver/remote/errorhandler.py", line 181, in check_response
    raise exception_class(message, screen, stacktrace)
ElementNotVisibleException: Message: Element is not currently visible and so may not be interacted with
Build info: version: '2.48.2', revision: '41bccdd', time: '2015-10-09 19:59:12'
System info: host: '97f27eaef733', ip: '172.17.0.4', os.name: 'Linux', os.arch: 'amd64', os.version: '3.8.13-118.el7uek.x86_64', java.version: '1.8.0_45-internal'
Driver info: driver.version: unknown
Screenshot: available via screen
Stacktrace:
    at <anonymous class>.fxdriver.preconditions.visible (file:///tmp/anonymous6745150834959770655webdriver-profile/extensions/fxdriver@googlecode.com/components/command-processor.js:9981)
    at <anonymous class>.DelayedCommand.prototype.checkPreconditions_ (file:///tmp/anonymous6745150834959770655webdriver-profile/extensions/fxdriver@googlecode.com/components/command-processor.js:12517)
    at <anonymous class>.DelayedCommand.prototype.executeInternal_/h (file:///tmp/anonymous6745150834959770655webdriver-profile/extensions/fxdriver@googlecode.com/components/command-processor.js:12534)
    at <anonymous class>.fxdriver.Timer.prototype.setTimeout/<.notify (file:///tmp/anonymous6745150834959770655webdriver-profile/extensions/fxdriver@googlecode.com/components/command-processor.js:621)
]]>		</error>
	</testcase>
	<system-out>
<![CDATA[]]>	</system-out>
	<system-err>
<![CDATA[]]>	</system-err>
</testsuite>
