<?xml version="1.0" ?>
<testsuite errors="2" failures="0" name="TestAddServerAssignCustomerFirefox-20160308110230" tests="2" time="470.864">
	<testcase classname="TestAddServerAssignCustomerFirefox" name="test_add_server_assign_customer_firefox" time="0.000">
		<error message="time out" type="AssertionError">
<![CDATA[Traceback (most recent call last):
  File "test_add_server_assign_customer_firefox.py", line 69, in test_add_server_assign_customer_firefox
    else: self.fail("time out")
AssertionError: time out
]]>		</error>
	</testcase>
	<testcase classname="TestAddServerAssignCustomerFirefox" name="test_add_server_assign_customer_firefox" time="470.864">
		<error message="Message: Error communicating with the remote browser. It may have died.
Build info: version: '2.48.2', revision: '41bccdd', time: '2015-10-09 19:59:12'
System info: host: '97f27eaef733', ip: '172.17.0.4', os.name: 'Linux', os.arch: 'amd64', os.version: '3.8.13-118.el7uek.x86_64', java.version: '1.8.0_45-internal'
Driver info: driver.version: EventFiringWebDriver
Stacktrace:
" type="WebDriverException">
<![CDATA[Traceback (most recent call last):
  File "test_add_server_assign_customer_firefox.py", line 118, in tearDown
    self.driver.quit()
  File "/usr/lib/python2.7/site-packages/selenium/webdriver/remote/webdriver.py", line 483, in quit
    self.execute(Command.QUIT)
  File "/usr/lib/python2.7/site-packages/selenium/webdriver/remote/webdriver.py", line 201, in execute
    self.error_handler.check_response(response)
  File "/usr/lib/python2.7/site-packages/selenium/webdriver/remote/errorhandler.py", line 181, in check_response
    raise exception_class(message, screen, stacktrace)
WebDriverException: Message: Error communicating with the remote browser. It may have died.
Build info: version: '2.48.2', revision: '41bccdd', time: '2015-10-09 19:59:12'
System info: host: '97f27eaef733', ip: '172.17.0.4', os.name: 'Linux', os.arch: 'amd64', os.version: '3.8.13-118.el7uek.x86_64', java.version: '1.8.0_45-internal'
Driver info: driver.version: EventFiringWebDriver
Stacktrace:

]]>		</error>
	</testcase>
	<system-out>
<![CDATA[]]>	</system-out>
	<system-err>
<![CDATA[]]>	</system-err>
</testsuite>
