<?xml version="1.0" ?>
<testsuite errors="0" failures="0" name="TestAddServerAssignCustomerFirefox-20160308121134" tests="1" time="79.249">
	<testcase classname="TestAddServerAssignCustomerFirefox" name="test_add_server_assign_customer_firefox" time="79.249"/>
	<system-out>
<![CDATA[]]>	</system-out>
	<system-err>
<![CDATA[]]>	</system-err>
</testsuite>
